<?xml version="1.0" encoding="UTF-8"?>
<coverage generated="1720241240629" clover="3.2.0">
  <project timestamp="1720241240629" name="All files">
    <metrics statements="193" coveredstatements="180" conditionals="69" coveredconditionals="59" methods="44" coveredmethods="35" elements="306" coveredelements="274" complexity="0" loc="193" ncloc="193" packages="5" files="17" classes="17"/>
    <package name="src">
      <metrics statements="131" coveredstatements="129" conditionals="41" coveredconditionals="38" methods="26" coveredmethods="25"/>
      <file name="Board.ts" path="G:\task_phonepe\src\Board.ts">
        <metrics statements="37" coveredstatements="36" conditionals="8" coveredconditionals="7" methods="7" coveredmethods="7"/>
        <line num="1" count="3" type="stmt"/>
        <line num="2" count="3" type="stmt"/>
        <line num="3" count="3" type="stmt"/>
        <line num="4" count="3" type="stmt"/>
        <line num="8" count="3" type="stmt"/>
        <line num="10" count="3" type="stmt"/>
        <line num="16" count="6" type="cond" truecount="1" falsecount="0"/>
        <line num="17" count="1" type="stmt"/>
        <line num="19" count="5" type="stmt"/>
        <line num="20" count="5" type="stmt"/>
        <line num="21" count="5" type="stmt"/>
        <line num="22" count="5" type="stmt"/>
        <line num="26" count="5" type="stmt"/>
        <line num="27" count="5" type="stmt"/>
        <line num="28" count="1400" type="stmt"/>
        <line num="33" count="40" type="stmt"/>
        <line num="34" count="39" type="stmt"/>
        <line num="38" count="38" type="stmt"/>
        <line num="39" count="37" type="stmt"/>
        <line num="43" count="2" type="stmt"/>
        <line num="44" count="2" type="stmt"/>
        <line num="45" count="20" type="stmt"/>
        <line num="49" count="20" type="stmt"/>
        <line num="53" count="20" type="cond" truecount="2" falsecount="1"/>
        <line num="54" count="0" type="stmt"/>
        <line num="56" count="20" type="stmt"/>
        <line num="57" count="20" type="stmt"/>
        <line num="62" count="2" type="stmt"/>
        <line num="63" count="2" type="stmt"/>
        <line num="64" count="23" type="stmt"/>
        <line num="69" count="23" type="stmt"/>
        <line num="70" count="23" type="cond" truecount="1" falsecount="0"/>
        <line num="75" count="3" type="stmt"/>
        <line num="77" count="20" type="stmt"/>
        <line num="78" count="20" type="stmt"/>
        <line num="83" count="219" type="stmt"/>
        <line num="84" count="219" type="stmt"/>
      </file>
      <file name="Cell.ts" path="G:\task_phonepe\src\Cell.ts">
        <metrics statements="9" coveredstatements="9" conditionals="5" coveredconditionals="4" methods="4" coveredmethods="4"/>
        <line num="5" count="3" type="stmt"/>
        <line num="8" count="1400" type="stmt"/>
        <line num="11" count="1400" type="stmt"/>
        <line num="12" count="1400" type="cond" truecount="3" falsecount="1"/>
        <line num="16" count="76" type="stmt"/>
        <line num="20" count="219" type="cond" truecount="1" falsecount="0"/>
        <line num="21" count="6" type="stmt"/>
        <line num="23" count="219" type="stmt"/>
        <line num="27" count="219" type="stmt"/>
      </file>
      <file name="Game.ts" path="G:\task_phonepe\src\Game.ts">
        <metrics statements="49" coveredstatements="48" conditionals="22" coveredconditionals="21" methods="9" coveredmethods="8"/>
        <line num="1" count="2" type="stmt"/>
        <line num="2" count="2" type="stmt"/>
        <line num="3" count="2" type="stmt"/>
        <line num="8" count="2" type="stmt"/>
        <line num="10" count="4" type="stmt"/>
        <line num="11" count="4" type="stmt"/>
        <line num="12" count="4" type="stmt"/>
        <line num="21" count="4" type="stmt"/>
        <line num="22" count="4" type="stmt"/>
        <line num="23" count="4" type="cond" truecount="2" falsecount="0"/>
        <line num="24" count="4" type="cond" truecount="2" falsecount="0"/>
        <line num="28" count="2" type="stmt"/>
        <line num="32" count="0" type="stmt"/>
        <line num="36" count="4" type="stmt"/>
        <line num="37" count="4" type="stmt"/>
        <line num="41" count="1" type="stmt"/>
        <line num="42" count="5" type="stmt"/>
        <line num="43" count="5" type="stmt"/>
        <line num="44" count="5" type="stmt"/>
        <line num="49" count="223" type="cond" truecount="1" falsecount="0"/>
        <line num="50" count="1" type="stmt"/>
        <line num="52" count="222" type="stmt"/>
        <line num="53" count="222" type="cond" truecount="1" falsecount="0"/>
        <line num="54" count="85" type="stmt"/>
        <line num="56" count="222" type="stmt"/>
        <line num="61" count="4" type="stmt"/>
        <line num="62" count="223" type="stmt"/>
        <line num="63" count="222" type="stmt"/>
        <line num="65" count="222" type="stmt"/>
        <line num="66" count="222" type="stmt"/>
        <line num="67" count="222" type="stmt"/>
        <line num="68" count="222" type="stmt"/>
        <line num="72" count="222" type="stmt"/>
        <line num="73" count="222" type="stmt"/>
        <line num="74" count="222" type="cond" truecount="1" falsecount="0"/>
        <line num="75" count="3" type="stmt"/>
        <line num="76" count="3" type="stmt"/>
        <line num="78" count="219" type="stmt"/>
        <line num="83" count="222" type="cond" truecount="7" falsecount="1"/>
        <line num="84" count="222" type="cond" truecount="1" falsecount="0"/>
        <line num="85" count="190" type="stmt"/>
        <line num="87" count="32" type="stmt"/>
        <line num="91" count="222" type="stmt"/>
        <line num="92" count="222" type="cond" truecount="2" falsecount="0"/>
        <line num="93" count="189" type="stmt"/>
        <line num="94" count="33" type="cond" truecount="2" falsecount="0"/>
        <line num="95" count="17" type="stmt"/>
        <line num="97" count="16" type="stmt"/>
        <line num="99" count="222" type="stmt"/>
      </file>
      <file name="Player.ts" path="G:\task_phonepe\src\Player.ts">
        <metrics statements="6" coveredstatements="6" conditionals="4" coveredconditionals="4" methods="3" coveredmethods="3"/>
        <line num="1" count="3" type="stmt"/>
        <line num="4" count="3" type="stmt"/>
        <line num="9" count="11" type="stmt"/>
        <line num="10" count="11" type="cond" truecount="4" falsecount="0"/>
        <line num="14" count="223" type="stmt"/>
        <line num="18" count="7" type="stmt"/>
      </file>
      <file name="constants.ts" path="G:\task_phonepe\src\constants.ts">
        <metrics statements="12" coveredstatements="12" conditionals="2" coveredconditionals="2" methods="1" coveredmethods="1"/>
        <line num="1" count="5" type="cond" truecount="2" falsecount="0"/>
        <line num="2" count="5" type="stmt"/>
        <line num="3" count="5" type="stmt"/>
        <line num="4" count="5" type="stmt"/>
        <line num="5" count="5" type="stmt"/>
        <line num="8" count="5" type="stmt"/>
        <line num="9" count="5" type="stmt"/>
        <line num="10" count="5" type="stmt"/>
        <line num="11" count="5" type="stmt"/>
        <line num="12" count="5" type="stmt"/>
        <line num="13" count="5" type="stmt"/>
        <line num="14" count="5" type="stmt"/>
      </file>
      <file name="index.ts" path="G:\task_phonepe\src\index.ts">
        <metrics statements="16" coveredstatements="16" conditionals="0" coveredconditionals="0" methods="1" coveredmethods="1"/>
        <line num="1" count="1" type="stmt"/>
        <line num="3" count="1" type="stmt"/>
        <line num="4" count="2" type="stmt"/>
        <line num="5" count="2" type="stmt"/>
        <line num="6" count="2" type="stmt"/>
        <line num="7" count="2" type="stmt"/>
        <line num="18" count="2" type="stmt"/>
        <line num="28" count="2" type="stmt"/>
        <line num="29" count="18" type="stmt"/>
        <line num="31" count="2" type="stmt"/>
        <line num="32" count="16" type="stmt"/>
        <line num="34" count="2" type="stmt"/>
        <line num="38" count="2" type="stmt"/>
        <line num="39" count="4" type="stmt"/>
        <line num="41" count="2" type="stmt"/>
        <line num="44" count="1" type="stmt"/>
      </file>
      <file name="utils.ts" path="G:\task_phonepe\src\utils.ts">
        <metrics statements="2" coveredstatements="2" conditionals="0" coveredconditionals="0" methods="1" coveredmethods="1"/>
        <line num="1" count="8" type="stmt"/>
        <line num="2" count="418" type="stmt"/>
      </file>
    </package>
    <package name="src.Dice">
      <metrics statements="15" coveredstatements="15" conditionals="15" coveredconditionals="15" methods="3" coveredmethods="3"/>
      <file name="Dice.ts" path="G:\task_phonepe\src\Dice\Dice.ts">
        <metrics statements="15" coveredstatements="15" conditionals="15" coveredconditionals="15" methods="3" coveredmethods="3"/>
        <line num="1" count="3" type="stmt"/>
        <line num="4" count="3" type="stmt"/>
        <line num="6" count="3" type="stmt"/>
        <line num="13" count="10" type="cond" truecount="4" falsecount="0"/>
        <line num="14" count="10" type="cond" truecount="4" falsecount="0"/>
        <line num="15" count="10" type="cond" truecount="4" falsecount="0"/>
        <line num="16" count="10" type="stmt"/>
        <line num="17" count="7" type="stmt"/>
        <line num="21" count="10" type="cond" truecount="1" falsecount="0"/>
        <line num="22" count="1" type="stmt"/>
        <line num="24" count="9" type="cond" truecount="1" falsecount="0"/>
        <line num="25" count="1" type="stmt"/>
        <line num="29" count="8" type="cond" truecount="1" falsecount="0"/>
        <line num="30" count="1" type="stmt"/>
        <line num="37" count="222" type="stmt"/>
      </file>
    </package>
    <package name="src.Dice.RollStrategy">
      <metrics statements="18" coveredstatements="18" conditionals="0" coveredconditionals="0" methods="3" coveredmethods="3"/>
      <file name="MaxStrategy.ts" path="G:\task_phonepe\src\Dice\RollStrategy\MaxStrategy.ts">
        <metrics statements="6" coveredstatements="6" conditionals="0" coveredconditionals="0" methods="1" coveredmethods="1"/>
        <line num="1" count="1" type="stmt"/>
        <line num="4" count="1" type="stmt"/>
        <line num="6" count="2" type="stmt"/>
        <line num="7" count="2" type="stmt"/>
        <line num="8" count="10" type="stmt"/>
        <line num="10" count="2" type="stmt"/>
      </file>
      <file name="MinStrategy.ts" path="G:\task_phonepe\src\Dice\RollStrategy\MinStrategy.ts">
        <metrics statements="6" coveredstatements="6" conditionals="0" coveredconditionals="0" methods="1" coveredmethods="1"/>
        <line num="1" count="1" type="stmt"/>
        <line num="4" count="1" type="stmt"/>
        <line num="6" count="2" type="stmt"/>
        <line num="7" count="2" type="stmt"/>
        <line num="8" count="10" type="stmt"/>
        <line num="10" count="2" type="stmt"/>
      </file>
      <file name="SumStrategy.ts" path="G:\task_phonepe\src\Dice\RollStrategy\SumStrategy.ts">
        <metrics statements="6" coveredstatements="6" conditionals="0" coveredconditionals="0" methods="1" coveredmethods="1"/>
        <line num="1" count="4" type="stmt"/>
        <line num="4" count="4" type="stmt"/>
        <line num="6" count="224" type="stmt"/>
        <line num="7" count="224" type="stmt"/>
        <line num="8" count="311" type="stmt"/>
        <line num="10" count="224" type="stmt"/>
      </file>
    </package>
    <package name="src.Omens">
      <metrics statements="21" coveredstatements="18" conditionals="7" coveredconditionals="6" methods="8" coveredmethods="4"/>
      <file name="Crocodile.ts" path="G:\task_phonepe\src\Omens\Crocodile.ts">
        <metrics statements="4" coveredstatements="3" conditionals="0" coveredconditionals="0" methods="2" coveredmethods="1"/>
        <line num="1" count="1" type="stmt"/>
        <line num="3" count="1" type="stmt"/>
        <line num="5" count="1" type="stmt"/>
        <line num="9" count="0" type="stmt"/>
      </file>
      <file name="Ladder.ts" path="G:\task_phonepe\src\Omens\Ladder.ts">
        <metrics statements="8" coveredstatements="7" conditionals="2" coveredconditionals="2" methods="2" coveredmethods="1"/>
        <line num="1" count="4" type="stmt"/>
        <line num="3" count="4" type="stmt"/>
        <line num="5" count="42" type="cond" truecount="1" falsecount="0"/>
        <line num="6" count="2" type="stmt"/>
        <line num="8" count="40" type="cond" truecount="1" falsecount="0"/>
        <line num="11" count="1" type="stmt"/>
        <line num="13" count="39" type="stmt"/>
        <line num="17" count="0" type="stmt"/>
      </file>
      <file name="Omen.ts" path="G:\task_phonepe\src\Omens\Omen.ts">
        <metrics statements="3" coveredstatements="3" conditionals="4" coveredconditionals="3" methods="2" coveredmethods="1"/>
        <line num="3" count="6" type="stmt"/>
        <line num="8" count="81" type="cond" truecount="3" falsecount="1"/>
        <line num="9" count="81" type="stmt"/>
      </file>
      <file name="Snake.ts" path="G:\task_phonepe\src\Omens\Snake.ts">
        <metrics statements="6" coveredstatements="5" conditionals="1" coveredconditionals="1" methods="2" coveredmethods="1"/>
        <line num="1" count="4" type="stmt"/>
        <line num="3" count="4" type="stmt"/>
        <line num="5" count="43" type="cond" truecount="1" falsecount="0"/>
        <line num="6" count="2" type="stmt"/>
        <line num="8" count="41" type="stmt"/>
        <line num="12" count="0" type="stmt"/>
      </file>
    </package>
    <package name="src.Omens.newPosition">
      <metrics statements="8" coveredstatements="0" conditionals="6" coveredconditionals="0" methods="4" coveredmethods="0"/>
      <file name="BasicStrategy.ts" path="G:\task_phonepe\src\Omens\newPosition\BasicStrategy.ts">
        <metrics statements="4" coveredstatements="0" conditionals="4" coveredconditionals="0" methods="2" coveredmethods="0"/>
        <line num="3" count="0" type="stmt"/>
        <line num="8" count="0" type="cond" truecount="0" falsecount="4"/>
        <line num="9" count="0" type="stmt"/>
        <line num="13" count="0" type="stmt"/>
      </file>
      <file name="FixedDisplacement.ts" path="G:\task_phonepe\src\Omens\newPosition\FixedDisplacement.ts">
        <metrics statements="4" coveredstatements="0" conditionals="2" coveredconditionals="0" methods="2" coveredmethods="0"/>
        <line num="3" count="0" type="stmt"/>
        <line num="8" count="0" type="stmt"/>
        <line num="10" count="0" type="stmt"/>
        <line num="14" count="0" type="stmt"/>
      </file>
    </package>
  </project>
</coverage>
