{"G:\\task_phonepe\\src\\Board.ts": {"path":"G:\\task_phonepe\\src\\Board.ts","statementMap":{"0":{"start":{"line":1,"column":0},"end":{"line":1,"column":30}},"1":{"start":{"line":2,"column":0},"end":{"line":2,"column":40}},"2":{"start":{"line":3,"column":0},"end":{"line":3,"column":38}},"3":{"start":{"line":4,"column":0},"end":{"line":4,"column":40}},"4":{"start":{"line":8,"column":0},"end":{"line":8,"column":44}},"5":{"start":{"line":16,"column":4},"end":{"line":18,"column":5}},"6":{"start":{"line":17,"column":6},"end":{"line":17,"column":62}},"7":{"start":{"line":19,"column":4},"end":{"line":19,"column":21}},"8":{"start":{"line":20,"column":4},"end":{"line":20,"column":20}},"9":{"start":{"line":21,"column":4},"end":{"line":21,"column":49}},"10":{"start":{"line":22,"column":4},"end":{"line":22,"column":21}},"11":{"start":{"line":26,"column":23},"end":{"line":26,"column":44}},"12":{"start":{"line":27,"column":4},"end":{"line":29,"column":5}},"13":{"start":{"line":27,"column":19},"end":{"line":27,"column":20}},"14":{"start":{"line":28,"column":6},"end":{"line":28,"column":37}},"15":{"start":{"line":33,"column":18},"end":{"line":33,"column":39}},"16":{"start":{"line":34,"column":4},"end":{"line":34,"column":37}},"17":{"start":{"line":38,"column":19},"end":{"line":38,"column":52}},"18":{"start":{"line":39,"column":4},"end":{"line":39,"column":38}},"19":{"start":{"line":43,"column":33},"end":{"line":43,"column":58}},"20":{"start":{"line":44,"column":4},"end":{"line":58,"column":5}},"21":{"start":{"line":45,"column":20},"end":{"line":47,"column":null}},"22":{"start":{"line":49,"column":18},"end":{"line":51,"column":null}},"23":{"start":{"line":53,"column":6},"end":{"line":55,"column":7}},"24":{"start":{"line":54,"column":8},"end":{"line":54,"column":17}},"25":{"start":{"line":56,"column":6},"end":{"line":56,"column":32}},"26":{"start":{"line":57,"column":6},"end":{"line":57,"column":14}},"27":{"start":{"line":62,"column":33},"end":{"line":62,"column":58}},"28":{"start":{"line":63,"column":4},"end":{"line":79,"column":5}},"29":{"start":{"line":64,"column":20},"end":{"line":66,"column":null}},"30":{"start":{"line":69,"column":18},"end":{"line":69,"column":68}},"31":{"start":{"line":70,"column":6},"end":{"line":76,"column":7}},"32":{"start":{"line":75,"column":8},"end":{"line":75,"column":17}},"33":{"start":{"line":77,"column":6},"end":{"line":77,"column":33}},"34":{"start":{"line":78,"column":6},"end":{"line":78,"column":14}},"35":{"start":{"line":83,"column":4},"end":{"line":83,"column":37}},"36":{"start":{"line":84,"column":4},"end":{"line":84,"column":40}},"37":{"start":{"line":10,"column":0},"end":{"line":10,"column":13}}},"fnMap":{"0":{"name":"(anonymous_0)","decl":{"start":{"line":15,"column":2},"end":{"line":15,"column":14}},"loc":{"start":{"line":15,"column":26},"end":{"line":23,"column":3}}},"1":{"name":"(anonymous_1)","decl":{"start":{"line":25,"column":2},"end":{"line":25,"column":11}},"loc":{"start":{"line":25,"column":11},"end":{"line":30,"column":3}}},"2":{"name":"(anonymous_2)","decl":{"start":{"line":32,"column":2},"end":{"line":32,"column":10}},"loc":{"start":{"line":32,"column":37},"end":{"line":35,"column":3}}},"3":{"name":"(anonymous_3)","decl":{"start":{"line":37,"column":2},"end":{"line":37,"column":11}},"loc":{"start":{"line":37,"column":38},"end":{"line":40,"column":3}}},"4":{"name":"(anonymous_4)","decl":{"start":{"line":42,"column":2},"end":{"line":42,"column":14}},"loc":{"start":{"line":42,"column":28},"end":{"line":59,"column":3}}},"5":{"name":"(anonymous_5)","decl":{"start":{"line":61,"column":2},"end":{"line":61,"column":15}},"loc":{"start":{"line":61,"column":29},"end":{"line":80,"column":3}}},"6":{"name":"(anonymous_6)","decl":{"start":{"line":82,"column":2},"end":{"line":82,"column":12}},"loc":{"start":{"line":82,"column":58},"end":{"line":85,"column":3}}}},"branchMap":{"0":{"loc":{"start":{"line":16,"column":4},"end":{"line":18,"column":5}},"type":"if","locations":[{"start":{"line":16,"column":4},"end":{"line":18,"column":5}}]},"1":{"loc":{"start":{"line":53,"column":6},"end":{"line":55,"column":7}},"type":"if","locations":[{"start":{"line":53,"column":6},"end":{"line":55,"column":7}}]},"2":{"loc":{"start":{"line":53,"column":10},"end":{"line":53,"column":56}},"type":"binary-expr","locations":[{"start":{"line":53,"column":10},"end":{"line":53,"column":32}},{"start":{"line":53,"column":36},"end":{"line":53,"column":56}}]},"3":{"loc":{"start":{"line":70,"column":6},"end":{"line":76,"column":7}},"type":"if","locations":[{"start":{"line":70,"column":6},"end":{"line":76,"column":7}}]},"4":{"loc":{"start":{"line":71,"column":8},"end":{"line":73,"column":68}},"type":"binary-expr","locations":[{"start":{"line":71,"column":8},"end":{"line":71,"column":30}},{"start":{"line":72,"column":8},"end":{"line":72,"column":28}},{"start":{"line":73,"column":8},"end":{"line":73,"column":68}}]}},"s":{"0":3,"1":3,"2":3,"3":3,"4":3,"5":6,"6":1,"7":5,"8":5,"9":5,"10":5,"11":5,"12":5,"13":5,"14":1400,"15":40,"16":39,"17":38,"18":37,"19":2,"20":2,"21":20,"22":20,"23":20,"24":0,"25":20,"26":20,"27":2,"28":2,"29":23,"30":23,"31":23,"32":3,"33":20,"34":20,"35":219,"36":219,"37":3},"f":{"0":6,"1":5,"2":40,"3":38,"4":2,"5":2,"6":219},"b":{"0":[1],"1":[0],"2":[20,20],"3":[3],"4":[23,23,22]}}
,"G:\\task_phonepe\\src\\Cell.ts": {"path":"G:\\task_phonepe\\src\\Cell.ts","statementMap":{"0":{"start":{"line":8,"column":2},"end":{"line":8,"column":36}},"1":{"start":{"line":11,"column":4},"end":{"line":11,"column":29}},"2":{"start":{"line":12,"column":4},"end":{"line":12,"column":29}},"3":{"start":{"line":16,"column":4},"end":{"line":16,"column":21}},"4":{"start":{"line":20,"column":4},"end":{"line":22,"column":5}},"5":{"start":{"line":21,"column":6},"end":{"line":21,"column":38}},"6":{"start":{"line":23,"column":4},"end":{"line":23,"column":29}},"7":{"start":{"line":27,"column":4},"end":{"line":27,"column":27}},"8":{"start":{"line":5,"column":0},"end":{"line":5,"column":13}}},"fnMap":{"0":{"name":"(anonymous_0)","decl":{"start":{"line":10,"column":2},"end":{"line":10,"column":14}},"loc":{"start":{"line":10,"column":44},"end":{"line":13,"column":3}}},"1":{"name":"(anonymous_1)","decl":{"start":{"line":15,"column":2},"end":{"line":15,"column":9}},"loc":{"start":{"line":15,"column":21},"end":{"line":17,"column":3}}},"2":{"name":"(anonymous_2)","decl":{"start":{"line":19,"column":2},"end":{"line":19,"column":11}},"loc":{"start":{"line":19,"column":27},"end":{"line":24,"column":3}}},"3":{"name":"(anonymous_3)","decl":{"start":{"line":26,"column":2},"end":{"line":26,"column":14}},"loc":{"start":{"line":26,"column":14},"end":{"line":28,"column":3}}}},"branchMap":{"0":{"loc":{"start":{"line":12,"column":16},"end":{"line":12,"column":28}},"type":"cond-expr","locations":[{"start":{"line":12,"column":16},"end":{"line":12,"column":20}},{"start":{"line":12,"column":24},"end":{"line":12,"column":28}}]},"1":{"loc":{"start":{"line":12,"column":16},"end":{"line":12,"column":24}},"type":"binary-expr","locations":[{"start":{"line":12,"column":16},"end":{"line":12,"column":24}},{"start":{"line":12,"column":16},"end":{"line":12,"column":24}}]},"2":{"loc":{"start":{"line":20,"column":4},"end":{"line":22,"column":5}},"type":"if","locations":[{"start":{"line":20,"column":4},"end":{"line":22,"column":5}}]}},"s":{"0":1400,"1":1400,"2":1400,"3":76,"4":219,"5":6,"6":219,"7":219,"8":3},"f":{"0":1400,"1":76,"2":219,"3":219},"b":{"0":[0,1400],"1":[1400,1400],"2":[6]}}
,"G:\\task_phonepe\\src\\Game.ts": {"path":"G:\\task_phonepe\\src\\Game.ts","statementMap":{"0":{"start":{"line":1,"column":0},"end":{"line":1,"column":32}},"1":{"start":{"line":2,"column":0},"end":{"line":2,"column":35}},"2":{"start":{"line":3,"column":0},"end":{"line":3,"column":34}},"3":{"start":{"line":10,"column":10},"end":{"line":10,"column":34}},"4":{"start":{"line":11,"column":10},"end":{"line":11,"column":35}},"5":{"start":{"line":12,"column":10},"end":{"line":12,"column":40}},"6":{"start":{"line":21,"column":4},"end":{"line":21,"column":33}},"7":{"start":{"line":22,"column":4},"end":{"line":22,"column":36}},"8":{"start":{"line":23,"column":4},"end":{"line":23,"column":46}},"9":{"start":{"line":24,"column":4},"end":{"line":24,"column":49}},"10":{"start":{"line":28,"column":4},"end":{"line":28,"column":22}},"11":{"start":{"line":32,"column":4},"end":{"line":32,"column":36}},"12":{"start":{"line":36,"column":19},"end":{"line":36,"column":53}},"13":{"start":{"line":37,"column":4},"end":{"line":37,"column":30}},"14":{"start":{"line":41,"column":4},"end":{"line":45,"column":5}},"15":{"start":{"line":42,"column":21},"end":{"line":42,"column":50}},"16":{"start":{"line":43,"column":6},"end":{"line":43,"column":32}},"17":{"start":{"line":44,"column":6},"end":{"line":44,"column":14}},"18":{"start":{"line":49,"column":4},"end":{"line":51,"column":5}},"19":{"start":{"line":50,"column":6},"end":{"line":50,"column":55}},"20":{"start":{"line":52,"column":4},"end":{"line":52,"column":23}},"21":{"start":{"line":53,"column":4},"end":{"line":55,"column":5}},"22":{"start":{"line":54,"column":6},"end":{"line":54,"column":27}},"23":{"start":{"line":56,"column":4},"end":{"line":56,"column":42}},"24":{"start":{"line":61,"column":4},"end":{"line":79,"column":5}},"25":{"start":{"line":62,"column":6},"end":{"line":62,"column":43}},"26":{"start":{"line":63,"column":19},"end":{"line":63,"column":35}},"27":{"start":{"line":65,"column":22},"end":{"line":65,"column":48}},"28":{"start":{"line":66,"column":22},"end":{"line":66,"column":36}},"29":{"start":{"line":67,"column":21},"end":{"line":67,"column":45}},"30":{"start":{"line":68,"column":6},"end":{"line":71,"column":21}},"31":{"start":{"line":72,"column":6},"end":{"line":72,"column":62}},"32":{"start":{"line":73,"column":6},"end":{"line":73,"column":42}},"33":{"start":{"line":74,"column":6},"end":{"line":77,"column":7}},"34":{"start":{"line":75,"column":8},"end":{"line":75,"column":36}},"35":{"start":{"line":76,"column":8},"end":{"line":76,"column":29}},"36":{"start":{"line":78,"column":6},"end":{"line":78,"column":62}},"37":{"start":{"line":83,"column":17},"end":{"line":83,"column":51}},"38":{"start":{"line":84,"column":4},"end":{"line":86,"column":5}},"39":{"start":{"line":85,"column":6},"end":{"line":85,"column":22}},"40":{"start":{"line":87,"column":4},"end":{"line":87,"column":30}},"41":{"start":{"line":91,"column":23},"end":{"line":91,"column":73}},"42":{"start":{"line":92,"column":4},"end":{"line":98,"column":5}},"43":{"start":{"line":93,"column":6},"end":{"line":93,"column":44}},"44":{"start":{"line":94,"column":11},"end":{"line":98,"column":5}},"45":{"start":{"line":95,"column":6},"end":{"line":95,"column":81}},"46":{"start":{"line":97,"column":6},"end":{"line":97,"column":78}},"47":{"start":{"line":99,"column":4},"end":{"line":99,"column":50}},"48":{"start":{"line":8,"column":0},"end":{"line":8,"column":13}}},"fnMap":{"0":{"name":"(anonymous_0)","decl":{"start":{"line":15,"column":2},"end":{"line":15,"column":null}},"loc":{"start":{"line":19,"column":20},"end":{"line":25,"column":3}}},"1":{"name":"(anonymous_1)","decl":{"start":{"line":27,"column":2},"end":{"line":27,"column":10}},"loc":{"start":{"line":27,"column":10},"end":{"line":29,"column":3}}},"2":{"name":"(anonymous_2)","decl":{"start":{"line":31,"column":2},"end":{"line":31,"column":9}},"loc":{"start":{"line":31,"column":28},"end":{"line":33,"column":3}}},"3":{"name":"(anonymous_3)","decl":{"start":{"line":35,"column":2},"end":{"line":35,"column":11}},"loc":{"start":{"line":35,"column":51},"end":{"line":38,"column":3}}},"4":{"name":"(anonymous_4)","decl":{"start":{"line":40,"column":2},"end":{"line":40,"column":12}},"loc":{"start":{"line":40,"column":26},"end":{"line":46,"column":3}}},"5":{"name":"(anonymous_5)","decl":{"start":{"line":48,"column":2},"end":{"line":48,"column":15}},"loc":{"start":{"line":48,"column":15},"end":{"line":57,"column":3}}},"6":{"name":"(anonymous_6)","decl":{"start":{"line":59,"column":2},"end":{"line":59,"column":11}},"loc":{"start":{"line":59,"column":11},"end":{"line":80,"column":3}}},"7":{"name":"(anonymous_7)","decl":{"start":{"line":82,"column":2},"end":{"line":82,"column":12}},"loc":{"start":{"line":82,"column":29},"end":{"line":88,"column":3}}},"8":{"name":"(anonymous_8)","decl":{"start":{"line":90,"column":2},"end":{"line":90,"column":9}},"loc":{"start":{"line":90,"column":76},"end":{"line":100,"column":3}}}},"branchMap":{"0":{"loc":{"start":{"line":23,"column":4},"end":{"line":23,"column":45}},"type":"binary-expr","locations":[{"start":{"line":23,"column":4},"end":{"line":23,"column":10}},{"start":{"line":23,"column":14},"end":{"line":23,"column":45}}]},"1":{"loc":{"start":{"line":24,"column":4},"end":{"line":24,"column":48}},"type":"binary-expr","locations":[{"start":{"line":24,"column":4},"end":{"line":24,"column":11}},{"start":{"line":24,"column":15},"end":{"line":24,"column":48}}]},"2":{"loc":{"start":{"line":49,"column":4},"end":{"line":51,"column":5}},"type":"if","locations":[{"start":{"line":49,"column":4},"end":{"line":51,"column":5}}]},"3":{"loc":{"start":{"line":53,"column":4},"end":{"line":55,"column":5}},"type":"if","locations":[{"start":{"line":53,"column":4},"end":{"line":55,"column":5}}]},"4":{"loc":{"start":{"line":69,"column":8},"end":{"line":71,"column":20}},"type":"cond-expr","locations":[{"start":{"line":70,"column":12},"end":{"line":70,"column":38}},{"start":{"line":71,"column":12},"end":{"line":71,"column":20}}]},"5":{"loc":{"start":{"line":74,"column":6},"end":{"line":77,"column":7}},"type":"if","locations":[{"start":{"line":74,"column":6},"end":{"line":77,"column":7}}]},"6":{"loc":{"start":{"line":83,"column":17},"end":{"line":83,"column":51}},"type":"cond-expr","locations":[{"start":{"line":83,"column":45},"end":{"line":83,"column":47}},{"start":{"line":83,"column":45},"end":{"line":83,"column":51}}]},"7":{"loc":{"start":{"line":83,"column":17},"end":{"line":83,"column":47}},"type":"binary-expr","locations":[{"start":{"line":83,"column":17},"end":{"line":83,"column":47}},{"start":{"line":83,"column":45},"end":{"line":83,"column":47}}]},"8":{"loc":{"start":{"line":83,"column":17},"end":{"line":83,"column":45}},"type":"cond-expr","locations":[{"start":{"line":83,"column":33},"end":{"line":83,"column":36}},{"start":{"line":83,"column":33},"end":{"line":83,"column":45}}]},"9":{"loc":{"start":{"line":83,"column":17},"end":{"line":83,"column":36}},"type":"binary-expr","locations":[{"start":{"line":83,"column":17},"end":{"line":83,"column":36}},{"start":{"line":83,"column":33},"end":{"line":83,"column":36}}]},"10":{"loc":{"start":{"line":84,"column":4},"end":{"line":86,"column":5}},"type":"if","locations":[{"start":{"line":84,"column":4},"end":{"line":86,"column":5}}]},"11":{"loc":{"start":{"line":92,"column":4},"end":{"line":98,"column":5}},"type":"if","locations":[{"start":{"line":92,"column":4},"end":{"line":98,"column":5}},{"start":{"line":94,"column":11},"end":{"line":98,"column":5}}]},"12":{"loc":{"start":{"line":94,"column":11},"end":{"line":98,"column":5}},"type":"if","locations":[{"start":{"line":94,"column":11},"end":{"line":98,"column":5}},{"start":{"line":96,"column":11},"end":{"line":98,"column":5}}]}},"s":{"0":2,"1":2,"2":2,"3":4,"4":4,"5":4,"6":4,"7":4,"8":4,"9":4,"10":2,"11":0,"12":4,"13":4,"14":1,"15":5,"16":5,"17":5,"18":223,"19":1,"20":222,"21":222,"22":85,"23":222,"24":4,"25":223,"26":222,"27":222,"28":222,"29":222,"30":222,"31":222,"32":222,"33":222,"34":3,"35":3,"36":219,"37":222,"38":222,"39":190,"40":32,"41":222,"42":222,"43":189,"44":33,"45":17,"46":16,"47":222,"48":2},"f":{"0":4,"1":2,"2":0,"3":4,"4":1,"5":223,"6":4,"7":222,"8":222},"b":{"0":[4,2],"1":[4,2],"2":[1],"3":[85],"4":[1,221],"5":[3],"6":[1,221],"7":[222,222],"8":[0,222],"9":[222,222],"10":[190],"11":[189,33],"12":[17,16]}}
,"G:\\task_phonepe\\src\\Player.ts": {"path":"G:\\task_phonepe\\src\\Player.ts","statementMap":{"0":{"start":{"line":1,"column":0},"end":{"line":1,"column":40}},"1":{"start":{"line":9,"column":4},"end":{"line":9,"column":25}},"2":{"start":{"line":10,"column":4},"end":{"line":10,"column":79}},"3":{"start":{"line":14,"column":4},"end":{"line":14,"column":36}},"4":{"start":{"line":18,"column":4},"end":{"line":18,"column":67}},"5":{"start":{"line":4,"column":0},"end":{"line":4,"column":13}}},"fnMap":{"0":{"name":"(anonymous_0)","decl":{"start":{"line":8,"column":2},"end":{"line":8,"column":14}},"loc":{"start":{"line":8,"column":49},"end":{"line":11,"column":3}}},"1":{"name":"(anonymous_1)","decl":{"start":{"line":13,"column":2},"end":{"line":13,"column":13}},"loc":{"start":{"line":13,"column":33},"end":{"line":15,"column":3}}},"2":{"name":"(anonymous_2)","decl":{"start":{"line":17,"column":2},"end":{"line":17,"column":15}},"loc":{"start":{"line":17,"column":15},"end":{"line":19,"column":3}}}},"branchMap":{"0":{"loc":{"start":{"line":10,"column":24},"end":{"line":10,"column":78}},"type":"cond-expr","locations":[{"start":{"line":10,"column":24},"end":{"line":10,"column":32}},{"start":{"line":10,"column":36},"end":{"line":10,"column":78}}]},"1":{"loc":{"start":{"line":10,"column":24},"end":{"line":10,"column":36}},"type":"binary-expr","locations":[{"start":{"line":10,"column":24},"end":{"line":10,"column":36}},{"start":{"line":10,"column":24},"end":{"line":10,"column":36}}]}},"s":{"0":3,"1":11,"2":11,"3":223,"4":7,"5":3},"f":{"0":11,"1":223,"2":7},"b":{"0":[5,6],"1":[11,11]}}
,"G:\\task_phonepe\\src\\constants.ts": {"path":"G:\\task_phonepe\\src\\constants.ts","statementMap":{"0":{"start":{"line":1,"column":0},"end":{"line":1,"column":null}},"1":{"start":{"line":2,"column":2},"end":{"line":2,"column":null}},"2":{"start":{"line":3,"column":2},"end":{"line":3,"column":null}},"3":{"start":{"line":4,"column":2},"end":{"line":4,"column":null}},"4":{"start":{"line":5,"column":2},"end":{"line":5,"column":null}},"5":{"start":{"line":8,"column":0},"end":{"line":8,"column":13}},"6":{"start":{"line":9,"column":25},"end":{"line":9,"column":48}},"7":{"start":{"line":10,"column":25},"end":{"line":10,"column":52}},"8":{"start":{"line":11,"column":25},"end":{"line":11,"column":52}},"9":{"start":{"line":12,"column":25},"end":{"line":12,"column":62}},"10":{"start":{"line":13,"column":25},"end":{"line":13,"column":63}},"11":{"start":{"line":14,"column":25},"end":{"line":14,"column":49}}},"fnMap":{"0":{"name":"(anonymous_0)","decl":{"start":{"line":1,"column":0},"end":{"line":1,"column":12}},"loc":{"start":{"line":1,"column":20},"end":{"line":6,"column":1}}}},"branchMap":{"0":{"loc":{"start":{"line":1,"column":12},"end":{"line":1,"column":null}},"type":"binary-expr","locations":[{"start":{"line":1,"column":12},"end":{"line":1,"column":20}},{"start":{"line":1,"column":20},"end":{"line":1,"column":null}}]}},"s":{"0":5,"1":5,"2":5,"3":5,"4":5,"5":5,"6":5,"7":5,"8":5,"9":5,"10":5,"11":5},"f":{"0":5},"b":{"0":[5,5]}}
,"G:\\task_phonepe\\src\\index.ts": {"path":"G:\\task_phonepe\\src\\index.ts","statementMap":{"0":{"start":{"line":3,"column":0},"end":{"line":3,"column":16}},"1":{"start":{"line":1,"column":0},"end":{"line":1,"column":30}},"2":{"start":{"line":4,"column":15},"end":{"line":4,"column":17}},"3":{"start":{"line":5,"column":15},"end":{"line":5,"column":29}},"4":{"start":{"line":6,"column":16},"end":{"line":6,"column":31}},"5":{"start":{"line":7,"column":17},"end":{"line":17,"column":4}},"6":{"start":{"line":18,"column":18},"end":{"line":27,"column":4}},"7":{"start":{"line":28,"column":2},"end":{"line":30,"column":3}},"8":{"start":{"line":28,"column":15},"end":{"line":28,"column":16}},"9":{"start":{"line":29,"column":4},"end":{"line":29,"column":47}},"10":{"start":{"line":31,"column":2},"end":{"line":33,"column":3}},"11":{"start":{"line":31,"column":15},"end":{"line":31,"column":16}},"12":{"start":{"line":32,"column":4},"end":{"line":32,"column":50}},"13":{"start":{"line":34,"column":38},"end":{"line":37,"column":4}},"14":{"start":{"line":38,"column":2},"end":{"line":40,"column":3}},"15":{"start":{"line":38,"column":15},"end":{"line":38,"column":16}},"16":{"start":{"line":39,"column":4},"end":{"line":39,"column":49}},"17":{"start":{"line":41,"column":2},"end":{"line":41,"column":19}},"18":{"start":{"line":44,"column":0},"end":{"line":44,"column":10}}},"fnMap":{"0":{"name":"testRun","decl":{"start":{"line":3,"column":16},"end":{"line":3,"column":23}},"loc":{"start":{"line":3,"column":23},"end":{"line":42,"column":1}}}},"branchMap":{},"s":{"0":1,"1":1,"2":2,"3":2,"4":2,"5":2,"6":2,"7":2,"8":2,"9":18,"10":2,"11":2,"12":16,"13":2,"14":2,"15":2,"16":4,"17":2,"18":1},"f":{"0":2},"b":{}}
,"G:\\task_phonepe\\src\\utils.ts": {"path":"G:\\task_phonepe\\src\\utils.ts","statementMap":{"0":{"start":{"line":1,"column":33},"end":{"line":2,"column":51}},"1":{"start":{"line":2,"column":2},"end":{"line":2,"column":51}},"2":{"start":{"line":1,"column":13},"end":{"line":1,"column":33}}},"fnMap":{"0":{"name":"(anonymous_0)","decl":{"start":{"line":1,"column":33},"end":{"line":1,"column":34}},"loc":{"start":{"line":2,"column":2},"end":{"line":2,"column":51}}}},"branchMap":{},"s":{"0":8,"1":418,"2":8},"f":{"0":418},"b":{}}
,"G:\\task_phonepe\\src\\Dice\\Dice.ts": {"path":"G:\\task_phonepe\\src\\Dice\\Dice.ts","statementMap":{"0":{"start":{"line":1,"column":0},"end":{"line":1,"column":41}},"1":{"start":{"line":4,"column":0},"end":{"line":4,"column":65}},"2":{"start":{"line":13,"column":4},"end":{"line":13,"column":59}},"3":{"start":{"line":14,"column":4},"end":{"line":14,"column":72}},"4":{"start":{"line":15,"column":4},"end":{"line":15,"column":72}},"5":{"start":{"line":16,"column":4},"end":{"line":16,"column":20}},"6":{"start":{"line":17,"column":4},"end":{"line":17,"column":50}},"7":{"start":{"line":21,"column":4},"end":{"line":23,"column":5}},"8":{"start":{"line":22,"column":6},"end":{"line":22,"column":66}},"9":{"start":{"line":24,"column":4},"end":{"line":28,"column":5}},"10":{"start":{"line":25,"column":6},"end":{"line":27,"column":8}},"11":{"start":{"line":29,"column":4},"end":{"line":33,"column":5}},"12":{"start":{"line":30,"column":6},"end":{"line":32,"column":8}},"13":{"start":{"line":37,"column":4},"end":{"line":41,"column":6}},"14":{"start":{"line":6,"column":0},"end":{"line":6,"column":13}}},"fnMap":{"0":{"name":"(anonymous_0)","decl":{"start":{"line":12,"column":2},"end":{"line":12,"column":14}},"loc":{"start":{"line":12,"column":70},"end":{"line":18,"column":3}}},"1":{"name":"(anonymous_1)","decl":{"start":{"line":20,"column":10},"end":{"line":20,"column":18}},"loc":{"start":{"line":20,"column":18},"end":{"line":34,"column":3}}},"2":{"name":"(anonymous_2)","decl":{"start":{"line":36,"column":2},"end":{"line":36,"column":6}},"loc":{"start":{"line":36,"column":6},"end":{"line":42,"column":3}}}},"branchMap":{"0":{"loc":{"start":{"line":13,"column":17},"end":{"line":13,"column":58}},"type":"cond-expr","locations":[{"start":{"line":13,"column":17},"end":{"line":13,"column":26}},{"start":{"line":13,"column":30},"end":{"line":13,"column":58}}]},"1":{"loc":{"start":{"line":13,"column":17},"end":{"line":13,"column":30}},"type":"binary-expr","locations":[{"start":{"line":13,"column":17},"end":{"line":13,"column":30}},{"start":{"line":13,"column":17},"end":{"line":13,"column":30}}]},"2":{"loc":{"start":{"line":14,"column":27},"end":{"line":14,"column":71}},"type":"cond-expr","locations":[{"start":{"line":14,"column":27},"end":{"line":14,"column":35}},{"start":{"line":14,"column":39},"end":{"line":14,"column":71}}]},"3":{"loc":{"start":{"line":14,"column":27},"end":{"line":14,"column":39}},"type":"binary-expr","locations":[{"start":{"line":14,"column":27},"end":{"line":14,"column":39}},{"start":{"line":14,"column":27},"end":{"line":14,"column":39}}]},"4":{"loc":{"start":{"line":15,"column":27},"end":{"line":15,"column":71}},"type":"cond-expr","locations":[{"start":{"line":15,"column":27},"end":{"line":15,"column":35}},{"start":{"line":15,"column":39},"end":{"line":15,"column":71}}]},"5":{"loc":{"start":{"line":15,"column":27},"end":{"line":15,"column":39}},"type":"binary-expr","locations":[{"start":{"line":15,"column":27},"end":{"line":15,"column":39}},{"start":{"line":15,"column":27},"end":{"line":15,"column":39}}]},"6":{"loc":{"start":{"line":21,"column":4},"end":{"line":23,"column":5}},"type":"if","locations":[{"start":{"line":21,"column":4},"end":{"line":23,"column":5}}]},"7":{"loc":{"start":{"line":24,"column":4},"end":{"line":28,"column":5}},"type":"if","locations":[{"start":{"line":24,"column":4},"end":{"line":28,"column":5}}]},"8":{"loc":{"start":{"line":29,"column":4},"end":{"line":33,"column":5}},"type":"if","locations":[{"start":{"line":29,"column":4},"end":{"line":33,"column":5}}]}},"s":{"0":3,"1":3,"2":10,"3":10,"4":10,"5":10,"6":7,"7":10,"8":1,"9":9,"10":1,"11":8,"12":1,"13":222,"14":3},"f":{"0":10,"1":10,"2":222},"b":{"0":[7,3],"1":[10,10],"2":[3,7],"3":[10,10],"4":[3,7],"5":[10,10],"6":[1],"7":[1],"8":[1]}}
,"G:\\task_phonepe\\src\\Dice\\RollStrategy\\MaxStrategy.ts": {"path":"G:\\task_phonepe\\src\\Dice\\RollStrategy\\MaxStrategy.ts","statementMap":{"0":{"start":{"line":1,"column":0},"end":{"line":1,"column":48}},"1":{"start":{"line":6,"column":14},"end":{"line":6,"column":15}},"2":{"start":{"line":7,"column":4},"end":{"line":9,"column":5}},"3":{"start":{"line":7,"column":17},"end":{"line":7,"column":18}},"4":{"start":{"line":8,"column":6},"end":{"line":8,"column":61}},"5":{"start":{"line":10,"column":4},"end":{"line":10,"column":15}},"6":{"start":{"line":4,"column":0},"end":{"line":4,"column":13}}},"fnMap":{"0":{"name":"(anonymous_0)","decl":{"start":{"line":5,"column":2},"end":{"line":5,"column":10}},"loc":{"start":{"line":5,"column":59},"end":{"line":11,"column":3}}}},"branchMap":{},"s":{"0":1,"1":2,"2":2,"3":2,"4":10,"5":2,"6":1},"f":{"0":2},"b":{}}
,"G:\\task_phonepe\\src\\Dice\\RollStrategy\\MinStrategy.ts": {"path":"G:\\task_phonepe\\src\\Dice\\RollStrategy\\MinStrategy.ts","statementMap":{"0":{"start":{"line":1,"column":0},"end":{"line":1,"column":48}},"1":{"start":{"line":6,"column":14},"end":{"line":6,"column":20}},"2":{"start":{"line":7,"column":4},"end":{"line":9,"column":5}},"3":{"start":{"line":7,"column":17},"end":{"line":7,"column":18}},"4":{"start":{"line":8,"column":6},"end":{"line":8,"column":61}},"5":{"start":{"line":10,"column":4},"end":{"line":10,"column":15}},"6":{"start":{"line":4,"column":0},"end":{"line":4,"column":13}}},"fnMap":{"0":{"name":"(anonymous_0)","decl":{"start":{"line":5,"column":2},"end":{"line":5,"column":10}},"loc":{"start":{"line":5,"column":59},"end":{"line":11,"column":3}}}},"branchMap":{},"s":{"0":1,"1":2,"2":2,"3":2,"4":10,"5":2,"6":1},"f":{"0":2},"b":{}}
,"G:\\task_phonepe\\src\\Dice\\RollStrategy\\SumStrategy.ts": {"path":"G:\\task_phonepe\\src\\Dice\\RollStrategy\\SumStrategy.ts","statementMap":{"0":{"start":{"line":1,"column":0},"end":{"line":1,"column":48}},"1":{"start":{"line":6,"column":14},"end":{"line":6,"column":15}},"2":{"start":{"line":7,"column":4},"end":{"line":9,"column":5}},"3":{"start":{"line":7,"column":17},"end":{"line":7,"column":18}},"4":{"start":{"line":8,"column":6},"end":{"line":8,"column":47}},"5":{"start":{"line":10,"column":4},"end":{"line":10,"column":15}},"6":{"start":{"line":4,"column":0},"end":{"line":4,"column":13}}},"fnMap":{"0":{"name":"(anonymous_0)","decl":{"start":{"line":5,"column":2},"end":{"line":5,"column":10}},"loc":{"start":{"line":5,"column":59},"end":{"line":11,"column":3}}}},"branchMap":{},"s":{"0":4,"1":224,"2":224,"3":224,"4":311,"5":224,"6":4},"f":{"0":224},"b":{}}
,"G:\\task_phonepe\\src\\Omens\\Crocodile.ts": {"path":"G:\\task_phonepe\\src\\Omens\\Crocodile.ts","statementMap":{"0":{"start":{"line":1,"column":0},"end":{"line":1,"column":30}},"1":{"start":{"line":5,"column":4},"end":{"line":5,"column":48}},"2":{"start":{"line":9,"column":4},"end":{"line":9,"column":30}},"3":{"start":{"line":3,"column":0},"end":{"line":3,"column":13}}},"fnMap":{"0":{"name":"(anonymous_0)","decl":{"start":{"line":4,"column":2},"end":{"line":4,"column":14}},"loc":{"start":{"line":4,"column":37},"end":{"line":6,"column":3}}},"1":{"name":"(anonymous_1)","decl":{"start":{"line":8,"column":2},"end":{"line":8,"column":16}},"loc":{"start":{"line":8,"column":16},"end":{"line":10,"column":3}}}},"branchMap":{},"s":{"0":1,"1":1,"2":0,"3":1},"f":{"0":1,"1":0},"b":{}}
,"G:\\task_phonepe\\src\\Omens\\Ladder.ts": {"path":"G:\\task_phonepe\\src\\Omens\\Ladder.ts","statementMap":{"0":{"start":{"line":1,"column":0},"end":{"line":1,"column":30}},"1":{"start":{"line":5,"column":4},"end":{"line":7,"column":5}},"2":{"start":{"line":6,"column":6},"end":{"line":6,"column":66}},"3":{"start":{"line":8,"column":4},"end":{"line":12,"column":5}},"4":{"start":{"line":11,"column":6},"end":{"line":11,"column":53}},"5":{"start":{"line":13,"column":4},"end":{"line":13,"column":42}},"6":{"start":{"line":17,"column":4},"end":{"line":17,"column":30}},"7":{"start":{"line":3,"column":0},"end":{"line":3,"column":13}}},"fnMap":{"0":{"name":"(anonymous_0)","decl":{"start":{"line":4,"column":2},"end":{"line":4,"column":14}},"loc":{"start":{"line":4,"column":74},"end":{"line":14,"column":3}}},"1":{"name":"(anonymous_1)","decl":{"start":{"line":16,"column":2},"end":{"line":16,"column":16}},"loc":{"start":{"line":16,"column":16},"end":{"line":18,"column":3}}}},"branchMap":{"0":{"loc":{"start":{"line":5,"column":4},"end":{"line":7,"column":5}},"type":"if","locations":[{"start":{"line":5,"column":4},"end":{"line":7,"column":5}}]},"1":{"loc":{"start":{"line":8,"column":4},"end":{"line":12,"column":5}},"type":"if","locations":[{"start":{"line":8,"column":4},"end":{"line":12,"column":5}}]}},"s":{"0":4,"1":42,"2":2,"3":40,"4":1,"5":39,"6":0,"7":4},"f":{"0":42,"1":0},"b":{"0":[2],"1":[1]}}
,"G:\\task_phonepe\\src\\Omens\\Omen.ts": {"path":"G:\\task_phonepe\\src\\Omens\\Omen.ts","statementMap":{"0":{"start":{"line":8,"column":4},"end":{"line":8,"column":58}},"1":{"start":{"line":9,"column":4},"end":{"line":9,"column":43}},"2":{"start":{"line":3,"column":0},"end":{"line":3,"column":13}}},"fnMap":{"0":{"name":"(anonymous_0)","decl":{"start":{"line":7,"column":2},"end":{"line":7,"column":14}},"loc":{"start":{"line":7,"column":61},"end":{"line":10,"column":3}}},"1":{"name":"(anonymous_1)","decl":{"start":{"line":12,"column":2},"end":{"line":12,"column":16}},"loc":{"start":{"line":12,"column":16},"end":{"line":12,"column":21}}}},"branchMap":{"0":{"loc":{"start":{"line":8,"column":25},"end":{"line":8,"column":57}},"type":"cond-expr","locations":[{"start":{"line":8,"column":25},"end":{"line":8,"column":38}},{"start":{"line":8,"column":42},"end":{"line":8,"column":57}}]},"1":{"loc":{"start":{"line":8,"column":25},"end":{"line":8,"column":42}},"type":"binary-expr","locations":[{"start":{"line":8,"column":25},"end":{"line":8,"column":42}},{"start":{"line":8,"column":25},"end":{"line":8,"column":42}}]}},"s":{"0":81,"1":81,"2":6},"f":{"0":81,"1":0},"b":{"0":[81,0],"1":[81,81]}}
,"G:\\task_phonepe\\src\\Omens\\Snake.ts": {"path":"G:\\task_phonepe\\src\\Omens\\Snake.ts","statementMap":{"0":{"start":{"line":1,"column":0},"end":{"line":1,"column":30}},"1":{"start":{"line":5,"column":4},"end":{"line":7,"column":5}},"2":{"start":{"line":6,"column":6},"end":{"line":6,"column":63}},"3":{"start":{"line":8,"column":4},"end":{"line":8,"column":42}},"4":{"start":{"line":12,"column":4},"end":{"line":12,"column":30}},"5":{"start":{"line":3,"column":0},"end":{"line":3,"column":13}}},"fnMap":{"0":{"name":"(anonymous_0)","decl":{"start":{"line":4,"column":2},"end":{"line":4,"column":14}},"loc":{"start":{"line":4,"column":60},"end":{"line":9,"column":3}}},"1":{"name":"(anonymous_1)","decl":{"start":{"line":11,"column":2},"end":{"line":11,"column":16}},"loc":{"start":{"line":11,"column":16},"end":{"line":13,"column":3}}}},"branchMap":{"0":{"loc":{"start":{"line":5,"column":4},"end":{"line":7,"column":5}},"type":"if","locations":[{"start":{"line":5,"column":4},"end":{"line":7,"column":5}}]}},"s":{"0":4,"1":43,"2":2,"3":41,"4":0,"5":4},"f":{"0":43,"1":0},"b":{"0":[2]}}
,"G:\\task_phonepe\\src\\Omens\\newPosition\\BasicStrategy.ts": {"path":"G:\\task_phonepe\\src\\Omens\\newPosition\\BasicStrategy.ts","statementMap":{"0":{"start":{"line":8,"column":4},"end":{"line":8,"column":58}},"1":{"start":{"line":9,"column":4},"end":{"line":9,"column":43}},"2":{"start":{"line":13,"column":4},"end":{"line":13,"column":30}},"3":{"start":{"line":3,"column":0},"end":{"line":3,"column":13}}},"fnMap":{"0":{"name":"(anonymous_0)","decl":{"start":{"line":7,"column":2},"end":{"line":7,"column":14}},"loc":{"start":{"line":7,"column":61},"end":{"line":10,"column":3}}},"1":{"name":"(anonymous_1)","decl":{"start":{"line":12,"column":2},"end":{"line":12,"column":22}},"loc":{"start":{"line":12,"column":22},"end":{"line":14,"column":3}}}},"branchMap":{"0":{"loc":{"start":{"line":8,"column":25},"end":{"line":8,"column":57}},"type":"cond-expr","locations":[{"start":{"line":8,"column":25},"end":{"line":8,"column":38}},{"start":{"line":8,"column":42},"end":{"line":8,"column":57}}]},"1":{"loc":{"start":{"line":8,"column":25},"end":{"line":8,"column":42}},"type":"binary-expr","locations":[{"start":{"line":8,"column":25},"end":{"line":8,"column":42}},{"start":{"line":8,"column":25},"end":{"line":8,"column":42}}]}},"s":{"0":0,"1":0,"2":0,"3":0},"f":{"0":0,"1":0},"b":{"0":[0,0],"1":[0,0]}}
,"G:\\task_phonepe\\src\\Omens\\newPosition\\FixedDisplacement.ts": {"path":"G:\\task_phonepe\\src\\Omens\\newPosition\\FixedDisplacement.ts","statementMap":{"0":{"start":{"line":8,"column":4},"end":{"line":9,"column":70}},"1":{"start":{"line":10,"column":4},"end":{"line":10,"column":43}},"2":{"start":{"line":14,"column":4},"end":{"line":14,"column":30}},"3":{"start":{"line":3,"column":0},"end":{"line":3,"column":13}}},"fnMap":{"0":{"name":"(anonymous_0)","decl":{"start":{"line":7,"column":2},"end":{"line":7,"column":14}},"loc":{"start":{"line":7,"column":55},"end":{"line":11,"column":3}}},"1":{"name":"(anonymous_1)","decl":{"start":{"line":13,"column":2},"end":{"line":13,"column":22}},"loc":{"start":{"line":13,"column":22},"end":{"line":15,"column":3}}}},"branchMap":{"0":{"loc":{"start":{"line":9,"column":6},"end":{"line":9,"column":69}},"type":"cond-expr","locations":[{"start":{"line":9,"column":39},"end":{"line":9,"column":40}},{"start":{"line":9,"column":43},"end":{"line":9,"column":69}}]}},"s":{"0":0,"1":0,"2":0,"3":0},"f":{"0":0,"1":0},"b":{"0":[0,0]}}
}
