TN:
SF:src\Board.ts
FN:15,(anonymous_0)
FN:25,(anonymous_1)
FN:32,(anonymous_2)
FN:37,(anonymous_3)
FN:42,(anonymous_4)
FN:61,(anonymous_5)
FN:82,(anonymous_6)
FNF:7
FNH:7
FNDA:6,(anonymous_0)
FNDA:5,(anonymous_1)
FNDA:40,(anonymous_2)
FNDA:38,(anonymous_3)
FNDA:2,(anonymous_4)
FNDA:2,(anonymous_5)
FNDA:219,(anonymous_6)
DA:1,3
DA:2,3
DA:3,3
DA:4,3
DA:8,3
DA:10,3
DA:16,6
DA:17,1
DA:19,5
DA:20,5
DA:21,5
DA:22,5
DA:26,5
DA:27,5
DA:28,1400
DA:33,40
DA:34,39
DA:38,38
DA:39,37
DA:43,2
DA:44,2
DA:45,20
DA:49,20
DA:53,20
DA:54,0
DA:56,20
DA:57,20
DA:62,2
DA:63,2
DA:64,23
DA:69,23
DA:70,23
DA:75,3
DA:77,20
DA:78,20
DA:83,219
DA:84,219
LF:37
LH:36
BRDA:16,0,0,1
BRDA:53,1,0,0
BRDA:53,2,0,20
BRDA:53,2,1,20
BRDA:70,3,0,3
BRDA:71,4,0,23
BRDA:71,4,1,23
BRDA:71,4,2,22
BRF:8
BRH:7
end_of_record
TN:
SF:src\Cell.ts
FN:10,(anonymous_0)
FN:15,(anonymous_1)
FN:19,(anonymous_2)
FN:26,(anonymous_3)
FNF:4
FNH:4
FNDA:1400,(anonymous_0)
FNDA:76,(anonymous_1)
FNDA:219,(anonymous_2)
FNDA:219,(anonymous_3)
DA:5,3
DA:8,1400
DA:11,1400
DA:12,1400
DA:16,76
DA:20,219
DA:21,6
DA:23,219
DA:27,219
LF:9
LH:9
BRDA:12,0,0,0
BRDA:12,0,1,1400
BRDA:12,1,0,1400
BRDA:12,1,1,1400
BRDA:20,2,0,6
BRF:5
BRH:4
end_of_record
TN:
SF:src\Game.ts
FN:15,(anonymous_0)
FN:27,(anonymous_1)
FN:31,(anonymous_2)
FN:35,(anonymous_3)
FN:40,(anonymous_4)
FN:48,(anonymous_5)
FN:59,(anonymous_6)
FN:82,(anonymous_7)
FN:90,(anonymous_8)
FNF:9
FNH:8
FNDA:4,(anonymous_0)
FNDA:2,(anonymous_1)
FNDA:0,(anonymous_2)
FNDA:4,(anonymous_3)
FNDA:1,(anonymous_4)
FNDA:223,(anonymous_5)
FNDA:4,(anonymous_6)
FNDA:222,(anonymous_7)
FNDA:222,(anonymous_8)
DA:1,2
DA:2,2
DA:3,2
DA:8,2
DA:10,4
DA:11,4
DA:12,4
DA:21,4
DA:22,4
DA:23,4
DA:24,4
DA:28,2
DA:32,0
DA:36,4
DA:37,4
DA:41,1
DA:42,5
DA:43,5
DA:44,5
DA:49,223
DA:50,1
DA:52,222
DA:53,222
DA:54,85
DA:56,222
DA:61,4
DA:62,223
DA:63,222
DA:65,222
DA:66,222
DA:67,222
DA:68,222
DA:72,222
DA:73,222
DA:74,222
DA:75,3
DA:76,3
DA:78,219
DA:83,222
DA:84,222
DA:85,190
DA:87,32
DA:91,222
DA:92,222
DA:93,189
DA:94,33
DA:95,17
DA:97,16
DA:99,222
LF:49
LH:48
BRDA:23,0,0,4
BRDA:23,0,1,2
BRDA:24,1,0,4
BRDA:24,1,1,2
BRDA:49,2,0,1
BRDA:53,3,0,85
BRDA:69,4,0,1
BRDA:69,4,1,221
BRDA:74,5,0,3
BRDA:83,6,0,1
BRDA:83,6,1,221
BRDA:83,7,0,222
BRDA:83,7,1,222
BRDA:83,8,0,0
BRDA:83,8,1,222
BRDA:83,9,0,222
BRDA:83,9,1,222
BRDA:84,10,0,190
BRDA:92,11,0,189
BRDA:92,11,1,33
BRDA:94,12,0,17
BRDA:94,12,1,16
BRF:22
BRH:21
end_of_record
TN:
SF:src\Player.ts
FN:8,(anonymous_0)
FN:13,(anonymous_1)
FN:17,(anonymous_2)
FNF:3
FNH:3
FNDA:11,(anonymous_0)
FNDA:223,(anonymous_1)
FNDA:7,(anonymous_2)
DA:1,3
DA:4,3
DA:9,11
DA:10,11
DA:14,223
DA:18,7
LF:6
LH:6
BRDA:10,0,0,5
BRDA:10,0,1,6
BRDA:10,1,0,11
BRDA:10,1,1,11
BRF:4
BRH:4
end_of_record
TN:
SF:src\constants.ts
FN:1,(anonymous_0)
FNF:1
FNH:1
FNDA:5,(anonymous_0)
DA:1,5
DA:2,5
DA:3,5
DA:4,5
DA:5,5
DA:8,5
DA:9,5
DA:10,5
DA:11,5
DA:12,5
DA:13,5
DA:14,5
LF:12
LH:12
BRDA:1,0,0,5
BRDA:1,0,1,5
BRF:2
BRH:2
end_of_record
TN:
SF:src\index.ts
FN:3,testRun
FNF:1
FNH:1
FNDA:2,testRun
DA:1,1
DA:3,1
DA:4,2
DA:5,2
DA:6,2
DA:7,2
DA:18,2
DA:28,2
DA:29,18
DA:31,2
DA:32,16
DA:34,2
DA:38,2
DA:39,4
DA:41,2
DA:44,1
LF:16
LH:16
BRF:0
BRH:0
end_of_record
TN:
SF:src\utils.ts
FN:1,(anonymous_0)
FNF:1
FNH:1
FNDA:418,(anonymous_0)
DA:1,8
DA:2,418
LF:2
LH:2
BRF:0
BRH:0
end_of_record
TN:
SF:src\Dice\Dice.ts
FN:12,(anonymous_0)
FN:20,(anonymous_1)
FN:36,(anonymous_2)
FNF:3
FNH:3
FNDA:10,(anonymous_0)
FNDA:10,(anonymous_1)
FNDA:222,(anonymous_2)
DA:1,3
DA:4,3
DA:6,3
DA:13,10
DA:14,10
DA:15,10
DA:16,10
DA:17,7
DA:21,10
DA:22,1
DA:24,9
DA:25,1
DA:29,8
DA:30,1
DA:37,222
LF:15
LH:15
BRDA:13,0,0,7
BRDA:13,0,1,3
BRDA:13,1,0,10
BRDA:13,1,1,10
BRDA:14,2,0,3
BRDA:14,2,1,7
BRDA:14,3,0,10
BRDA:14,3,1,10
BRDA:15,4,0,3
BRDA:15,4,1,7
BRDA:15,5,0,10
BRDA:15,5,1,10
BRDA:21,6,0,1
BRDA:24,7,0,1
BRDA:29,8,0,1
BRF:15
BRH:15
end_of_record
TN:
SF:src\Dice\RollStrategy\MaxStrategy.ts
FN:5,(anonymous_0)
FNF:1
FNH:1
FNDA:2,(anonymous_0)
DA:1,1
DA:4,1
DA:6,2
DA:7,2
DA:8,10
DA:10,2
LF:6
LH:6
BRF:0
BRH:0
end_of_record
TN:
SF:src\Dice\RollStrategy\MinStrategy.ts
FN:5,(anonymous_0)
FNF:1
FNH:1
FNDA:2,(anonymous_0)
DA:1,1
DA:4,1
DA:6,2
DA:7,2
DA:8,10
DA:10,2
LF:6
LH:6
BRF:0
BRH:0
end_of_record
TN:
SF:src\Dice\RollStrategy\SumStrategy.ts
FN:5,(anonymous_0)
FNF:1
FNH:1
FNDA:224,(anonymous_0)
DA:1,4
DA:4,4
DA:6,224
DA:7,224
DA:8,311
DA:10,224
LF:6
LH:6
BRF:0
BRH:0
end_of_record
TN:
SF:src\Omens\Crocodile.ts
FN:4,(anonymous_0)
FN:8,(anonymous_1)
FNF:2
FNH:1
FNDA:1,(anonymous_0)
FNDA:0,(anonymous_1)
DA:1,1
DA:3,1
DA:5,1
DA:9,0
LF:4
LH:3
BRF:0
BRH:0
end_of_record
TN:
SF:src\Omens\Ladder.ts
FN:4,(anonymous_0)
FN:16,(anonymous_1)
FNF:2
FNH:1
FNDA:42,(anonymous_0)
FNDA:0,(anonymous_1)
DA:1,4
DA:3,4
DA:5,42
DA:6,2
DA:8,40
DA:11,1
DA:13,39
DA:17,0
LF:8
LH:7
BRDA:5,0,0,2
BRDA:8,1,0,1
BRF:2
BRH:2
end_of_record
TN:
SF:src\Omens\Omen.ts
FN:7,(anonymous_0)
FN:12,(anonymous_1)
FNF:2
FNH:1
FNDA:81,(anonymous_0)
FNDA:0,(anonymous_1)
DA:3,6
DA:8,81
DA:9,81
LF:3
LH:3
BRDA:8,0,0,81
BRDA:8,0,1,0
BRDA:8,1,0,81
BRDA:8,1,1,81
BRF:4
BRH:3
end_of_record
TN:
SF:src\Omens\Snake.ts
FN:4,(anonymous_0)
FN:11,(anonymous_1)
FNF:2
FNH:1
FNDA:43,(anonymous_0)
FNDA:0,(anonymous_1)
DA:1,4
DA:3,4
DA:5,43
DA:6,2
DA:8,41
DA:12,0
LF:6
LH:5
BRDA:5,0,0,2
BRF:1
BRH:1
end_of_record
TN:
SF:src\Omens\newPosition\BasicStrategy.ts
FN:7,(anonymous_0)
FN:12,(anonymous_1)
FNF:2
FNH:0
FNDA:0,(anonymous_0)
FNDA:0,(anonymous_1)
DA:3,0
DA:8,0
DA:9,0
DA:13,0
LF:4
LH:0
BRDA:8,0,0,0
BRDA:8,0,1,0
BRDA:8,1,0,0
BRDA:8,1,1,0
BRF:4
BRH:0
end_of_record
TN:
SF:src\Omens\newPosition\FixedDisplacement.ts
FN:7,(anonymous_0)
FN:13,(anonymous_1)
FNF:2
FNH:0
FNDA:0,(anonymous_0)
FNDA:0,(anonymous_1)
DA:3,0
DA:8,0
DA:10,0
DA:14,0
LF:4
LH:0
BRDA:9,0,0,0
BRDA:9,0,1,0
BRF:2
BRH:0
end_of_record
